<?xml version="1.0" encoding="UTF-8"?>
<coverage generated="1753789970">
  <project timestamp="1753789970">
    <file name="/Users/rumen/Develop/php-geolocation/src/Geolocation.php">
      <class name="Rumenx\Geolocation\Geolocation" namespace="global">
        <metrics complexity="48" methods="13" coveredmethods="13" conditionals="0" coveredconditionals="0" statements="106" coveredstatements="106" elements="119" coveredelements="119"/>
      </class>
      <line num="52" type="method" name="__construct" visibility="public" complexity="2" crap="2" count="35"/>
      <line num="57" type="stmt" count="35"/>
      <line num="58" type="stmt" count="35"/>
      <line num="59" type="stmt" count="35"/>
      <line num="67" type="method" name="getCountryCode" visibility="public" complexity="1" crap="1" count="13"/>
      <line num="69" type="stmt" count="13"/>
      <line num="77" type="method" name="getIp" visibility="public" complexity="1" crap="1" count="4"/>
      <line num="79" type="stmt" count="4"/>
      <line num="80" type="stmt" count="4"/>
      <line num="81" type="stmt" count="4"/>
      <line num="89" type="method" name="getPreferredLanguage" visibility="public" complexity="2" crap="2" count="10"/>
      <line num="91" type="stmt" count="10"/>
      <line num="92" type="stmt" count="10"/>
      <line num="93" type="stmt" count="2"/>
      <line num="95" type="stmt" count="8"/>
      <line num="96" type="stmt" count="8"/>
      <line num="104" type="method" name="getAllLanguages" visibility="public" complexity="1" crap="1" count="8"/>
      <line num="106" type="stmt" count="8"/>
      <line num="107" type="stmt" count="8"/>
      <line num="108" type="stmt" count="8"/>
      <line num="109" type="stmt" count="8"/>
      <line num="110" type="stmt" count="8"/>
      <line num="118" type="method" name="getUserAgent" visibility="public" complexity="1" crap="1" count="6"/>
      <line num="120" type="stmt" count="6"/>
      <line num="128" type="method" name="getBrowser" visibility="public" complexity="6" crap="6" count="4"/>
      <line num="130" type="stmt" count="4"/>
      <line num="131" type="stmt" count="4"/>
      <line num="132" type="stmt" count="2"/>
      <line num="136" type="stmt" count="3"/>
      <line num="137" type="stmt" count="3"/>
      <line num="138" type="stmt" count="3"/>
      <line num="139" type="stmt" count="3"/>
      <line num="140" type="stmt" count="3"/>
      <line num="142" type="stmt" count="3"/>
      <line num="143" type="stmt" count="3"/>
      <line num="144" type="stmt" count="3"/>
      <line num="145" type="stmt" count="3"/>
      <line num="146" type="stmt" count="3"/>
      <line num="147" type="stmt" count="3"/>
      <line num="149" type="stmt" count="1"/>
      <line num="157" type="method" name="getOs" visibility="public" complexity="7" crap="7" count="4"/>
      <line num="159" type="stmt" count="4"/>
      <line num="160" type="stmt" count="4"/>
      <line num="161" type="stmt" count="1"/>
      <line num="163" type="stmt" count="3"/>
      <line num="164" type="stmt" count="3"/>
      <line num="166" type="stmt" count="1"/>
      <line num="167" type="stmt" count="1"/>
      <line num="169" type="stmt" count="1"/>
      <line num="170" type="stmt" count="1"/>
      <line num="172" type="stmt" count="1"/>
      <line num="173" type="stmt" count="1"/>
      <line num="175" type="stmt" count="1"/>
      <line num="176" type="stmt" count="1"/>
      <line num="178" type="stmt" count="1"/>
      <line num="186" type="method" name="getDeviceType" visibility="public" complexity="4" crap="4" count="4"/>
      <line num="188" type="stmt" count="4"/>
      <line num="189" type="stmt" count="4"/>
      <line num="190" type="stmt" count="2"/>
      <line num="192" type="stmt" count="3"/>
      <line num="193" type="stmt" count="1"/>
      <line num="195" type="stmt" count="3"/>
      <line num="196" type="stmt" count="1"/>
      <line num="198" type="stmt" count="3"/>
      <line num="206" type="method" name="getResolution" visibility="public" complexity="3" crap="3" count="5"/>
      <line num="208" type="stmt" count="5"/>
      <line num="209" type="stmt" count="5"/>
      <line num="210" type="stmt" count="5"/>
      <line num="211" type="stmt" count="5"/>
      <line num="212" type="stmt" count="5"/>
      <line num="213" type="stmt" count="5"/>
      <line num="223" type="method" name="getGeoInfo" visibility="public" complexity="4" crap="4" count="3"/>
      <line num="225" type="stmt" count="3"/>
      <line num="226" type="stmt" count="3"/>
      <line num="227" type="stmt" count="3"/>
      <line num="228" type="stmt" count="3"/>
      <line num="229" type="stmt" count="3"/>
      <line num="230" type="stmt" count="3"/>
      <line num="231" type="stmt" count="3"/>
      <line num="232" type="stmt" count="3"/>
      <line num="233" type="stmt" count="3"/>
      <line num="234" type="stmt" count="3"/>
      <line num="235" type="stmt" count="3"/>
      <line num="236" type="stmt" count="2"/>
      <line num="238" type="stmt" count="1"/>
      <line num="239" type="stmt" count="1"/>
      <line num="240" type="stmt" count="1"/>
      <line num="241" type="stmt" count="1"/>
      <line num="244" type="stmt" count="1"/>
      <line num="256" type="method" name="getLanguageForCountry" visibility="public" complexity="14" crap="14" count="18"/>
      <line num="260" type="stmt" count="18"/>
      <line num="261" type="stmt" count="18"/>
      <line num="262" type="stmt" count="1"/>
      <line num="264" type="stmt" count="17"/>
      <line num="265" type="stmt" count="17"/>
      <line num="266" type="stmt" count="9"/>
      <line num="269" type="stmt" count="8"/>
      <line num="270" type="stmt" count="8"/>
      <line num="272" type="stmt" count="4"/>
      <line num="273" type="stmt" count="4"/>
      <line num="274" type="stmt" count="4"/>
      <line num="276" type="stmt" count="4"/>
      <line num="277" type="stmt" count="4"/>
      <line num="279" type="stmt" count="1"/>
      <line num="283" type="stmt" count="3"/>
      <line num="284" type="stmt" count="3"/>
      <line num="286" type="stmt" count="3"/>
      <line num="287" type="stmt" count="3"/>
      <line num="289" type="stmt" count="1"/>
      <line num="293" type="stmt" count="2"/>
      <line num="294" type="stmt" count="2"/>
      <line num="295" type="stmt" count="1"/>
      <line num="298" type="stmt" count="1"/>
      <line num="301" type="stmt" count="4"/>
      <line num="302" type="stmt" count="3"/>
      <line num="304" type="stmt" count="1"/>
      <line num="312" type="method" name="shouldSetLanguage" visibility="public" complexity="2" crap="2" count="4"/>
      <line num="315" type="stmt" count="4"/>
      <line num="316" type="stmt" count="4"/>
      <metrics loc="320" ncloc="208" classes="1" methods="13" coveredmethods="13" conditionals="0" coveredconditionals="0" statements="106" coveredstatements="106" elements="119" coveredelements="119"/>
    </file>
    <metrics files="1" loc="320" ncloc="208" classes="1" methods="13" coveredmethods="13" conditionals="0" coveredconditionals="0" statements="106" coveredstatements="106" elements="119" coveredelements="119"/>
  </project>
</coverage>
